
D:\Olivier\Training\scan>set SCANNER=C:\SonarSource\sonar-scanner-msbuild-2.3.1.554\MSBuild.SonarQube.Runner.exe 

D:\Olivier\Training\scan>set WRAPPER=D:\Olivier\Downloads\build-wrapper-win-x86\build-wrapper-win-x86-64.exe 

D:\Olivier\Training\scan>set SQIP=10.150.21.132 

D:\Olivier\Training\scan>C:\SonarSource\sonar-scanner-msbuild-2.3.1.554\MSBuild.SonarQube.Runner.exe begin  /s:"C:\Users\olivier.korach\SonarQube.Analysis.xml" /k:"CS-Sample" /n:"CS Sample Scan - Training" /v:"1.0" /d:sonar.verbose=true /d:sonar.host.url=http://10.150.21.132:9000/ 
SonarQube Scanner for MSBuild 2.3.1
Loading analysis properties from C:\Users\olivier.korach\SonarQube.Analysis.xml
sonar.verbose=true was specified - setting the log verbosity to 'Debug'
Pre-processing started.
Preparing working directories...
Using environment variables to determine the download directory...
Removing the existing directory: D:\Olivier\Training\scan\.sonarqube
Creating directory: D:\Olivier\Training\scan\.sonarqube
11:30:55.981  11:30:55.974  Loading analysis properties from C:\Users\olivier.korach\SonarQube.Analysis.xml
11:30:55.981  11:30:55.981  sonar.verbose=true was specified - setting the log verbosity to 'Debug'
11:30:55.983  Updating build integration targets...
11:30:55.985  Installed SonarQube.Integration.ImportBefore.targets to C:\Users\olivier.korach\AppData\Local\Microsoft\MSBuild\15.0\Microsoft.Common.targets\ImportBefore
11:30:55.985  Installed SonarQube.Integration.ImportBefore.targets to C:\Users\olivier.korach\AppData\Local\Microsoft\MSBuild\14.0\Microsoft.Common.targets\ImportBefore
11:30:55.986  Installed SonarQube.Integration.ImportBefore.targets to C:\Users\olivier.korach\AppData\Local\Microsoft\MSBuild\12.0\Microsoft.Common.targets\ImportBefore
11:30:55.987  Installed SonarQube.Integration.targets to D:\Olivier\Training\scan\.sonarqube\bin\targets
11:30:55.988  Creating config and output folders...
11:30:55.988  Creating directory: D:\Olivier\Training\scan\.sonarqube\conf
11:30:55.989  Creating directory: D:\Olivier\Training\scan\.sonarqube\out
11:30:55.993  Fetching analysis configuration settings...
11:30:55.995  Downloading from http://10.150.21.132:9000/api/server/version...
11:30:56.055  Fetching properties for project 'CS-Sample' from http://10.150.21.132:9000/api/properties?resource=CS-Sample...
11:30:56.062  Downloading from http://10.150.21.132:9000/api/properties?resource=CS-Sample...
11:30:56.275  Downloading from http://10.150.21.132:9000/api/languages/list...
11:30:56.294  Fetching quality profile for project 'CS-Sample' from http://10.150.21.132:9000/api/qualityprofiles/search?projectKey=CS-Sample...
11:30:56.296  Downloading from http://10.150.21.132:9000/api/qualityprofiles/search?projectKey=CS-Sample...
11:30:56.459  Fetching active rules for quality profile 'cs-sonar-way-66185' from http://10.150.21.132:9000/api/rules/search?f=repo,name,severity,lang,internalKey,templateKey,params,actives&ps=500&activation=true&qprofile=cs-sonar-way-66185&p=1...
11:30:56.46  Downloading from http://10.150.21.132:9000/api/rules/search?f=repo,name,severity,lang,internalKey,templateKey,params,actives&ps=500&activation=true&qprofile=cs-sonar-way-66185&p=1...
11:30:56.748  Fetching rules not active in quality profile 'cs-sonar-way-66185' for language 'cs' from http://10.150.21.132:9000/api/rules/search?f=internalKey&ps=500&activation=false&qprofile=cs-sonar-way-66185&p=1&languages=cs...
11:30:56.749  Downloading from http://10.150.21.132:9000/api/rules/search?f=internalKey&ps=500&activation=false&qprofile=cs-sonar-way-66185&p=1&languages=cs...
11:30:56.785  Generating rulesets...
11:30:56.786  Generating the FxCop ruleset: D:\Olivier\Training\scan\.sonarqube\conf\SonarQubeFxCop-cs.ruleset
11:30:56.789  Local analyzer cache: C:\Users\olivier.korach\AppData\Local\Temp\6\.sonarqube\resources
11:30:56.795  Writing Roslyn generated ruleset to D:\Olivier\Training\scan\.sonarqube\conf\SonarQubeRoslyn-cs.ruleset...
11:30:56.811  Writing Roslyn analyzer additional file to D:\Olivier\Training\scan\.sonarqube\conf\cs\SonarLint.xml...
11:30:56.813  Provisioning analyzer assemblies for cs...
11:30:56.814  Installing required Roslyn analyzers...
11:30:56.814  Processing plugin: csharp version 5.9.0.1001
11:30:56.905  Cache miss: plugin files were not found in the local cache
11:30:56.907  Fetching resource for plugin: csharp, version 5.9.0.1001. Resource: SonarAnalyzer-5.9.0.1001.zip
11:30:56.908  Downloading SonarAnalyzer-5.9.0.1001.zip from http://10.150.21.132:9000/static/csharp/SonarAnalyzer-5.9.0.1001.zip to C:\Users\olivier.korach\AppData\Local\Temp\6\.sonarqube\resources\0
11:30:56.909  Downloading file from http://10.150.21.132:9000/static/csharp/SonarAnalyzer-5.9.0.1001.zip to C:\Users\olivier.korach\AppData\Local\Temp\6\.sonarqube\resources\0\SonarAnalyzer-5.9.0.1001.zip...
11:30:57.091  Extracting files to C:\Users\olivier.korach\AppData\Local\Temp\6\.sonarqube\resources\0...
11:30:57.116  Fetching quality profile for project 'CS-Sample' from http://10.150.21.132:9000/api/qualityprofiles/search?projectKey=CS-Sample...
11:30:57.116  Downloading from http://10.150.21.132:9000/api/qualityprofiles/search?projectKey=CS-Sample...
11:30:57.174  Fetching active rules for quality profile 'vbnet-sonar-way-29342' from http://10.150.21.132:9000/api/rules/search?f=repo,name,severity,lang,internalKey,templateKey,params,actives&ps=500&activation=true&qprofile=vbnet-sonar-way-29342&p=1...
11:30:57.174  Downloading from http://10.150.21.132:9000/api/rules/search?f=repo,name,severity,lang,internalKey,templateKey,params,actives&ps=500&activation=true&qprofile=vbnet-sonar-way-29342&p=1...
11:30:57.187  No active rules for vbnet
11:30:57.214  Pre-processing succeeded.

D:\Olivier\Training\scan>"C:\Program Files (x86)\MSBuild\14.0\bin\msbuild.exe" /t:rebuild 
Microsoft (R) Build Engine version 14.0.25420.1
Copyright (C) Microsoft Corporation. All rights reserved.

Building the projects in this solution one at a time. To enable parallel build, please add the "/m" switch.
Build started 4/28/2017 11:30:57 AM.
Project "D:\Olivier\Training\scan\MyProject.sln" on node 1 (rebuild target(s)).
ValidateSolutionConfiguration:
  Building solution configuration "Debug|Any CPU".
Project "D:\Olivier\Training\scan\MyProject.sln" (1) is building "D:\Olivier\Training\scan\MyProject\MyProject.csproj" (2) on node 1 (Rebuild target(s)).
CoreClean:
  Deleting file "D:\Olivier\Training\scan\MyProject\bin\Release\MyProject.exe.config".
  Deleting file "D:\Olivier\Training\scan\MyProject\bin\Release\MyProject.exe".
  Deleting file "D:\Olivier\Training\scan\MyProject\bin\Release\MyProject.pdb".
  Deleting file "D:\Olivier\Training\scan\MyProject\obj\Release\MyProject.csprojResolveAssemblyReference.cache".
  Deleting file "D:\Olivier\Training\scan\MyProject\obj\Release\MyProject.exe".
  Deleting file "D:\Olivier\Training\scan\MyProject\obj\Release\MyProject.pdb".
GenerateBindingRedirects:
  No suggested binding redirects from ResolveAssemblyReferences.
GenerateTargetFrameworkMonikerAttribute:
Skipping target "GenerateTargetFrameworkMonikerAttribute" because all output files are up-to-date with respect to the input files.
CreateProjectSpecificDirs:
  Directory "D:\Olivier\Training\scan\.sonarqube\out\\MyProject_5440" doesn't exist. Skipping.
  Creating directory "D:\Olivier\Training\scan\.sonarqube\out\\MyProject_5440".
  Directory "D:\Olivier\Training\scan\.sonarqube\conf\\MyProject_5440" doesn't exist. Skipping.
  Creating directory "D:\Olivier\Training\scan\.sonarqube\conf\\MyProject_5440".
CoreCompile:
  C:\Program Files (x86)\MSBuild\14.0\bin\csc.exe /noconfig /nowarn:1701,1702 /nostdlib+ /platform:anycpu32bitpreferred /errorreport:prompt /warn:4 /define:CODE_ANALYSIS;TRACE /highentropyva+ /reference:"C:\Program Files (x86)\Reference Assemblies\Microsoft\Framework\.NETFramework\v4.5.2\Microsoft.CSharp.dll" /reference:"C:\Program Files (x86)\Reference Assemblies\Microsoft\Framework\.NETFramework\v4.5.2\mscorlib.dll" /reference:"C:\Program Files (x86)\Reference Assemblies\Microsoft\Framework\.NETFramework\v4.5.2\System.Core.dll" /reference:"C:\Program Files (x86)\Reference Assemblies\Microsoft\Framework\.NETFramework\v4.5.2\System.Data.DataSetExtensions.dll" /reference:"C:\Program Files (x86)\Reference Assemblies\Microsoft\Framework\.NETFramework\v4.5.2\System.Data.dll" /reference:"C:\Program Files (x86)\Reference Assemblies\Microsoft\Framework\.NETFramework\v4.5.2\System.dll" /reference:"C:\Program Files (x86)\Reference Assemblies\Microsoft\Framework\.NETFramework\v4.5.2\System.Net.Http.dll" /reference:"C:\Program Files (x86)\Reference Assemblies\Microsoft\Framework\.NETFramework\v4.5.2\System.Xml.dll" /reference:"C:\Program Files (x86)\Reference Assemblies\Microsoft\Framework\.NETFramework\v4.5.2\System.Xml.Linq.dll" /debug:pdbonly /filealign:512 /optimize+ /out:obj\Release\MyProject.exe /ruleset:D:\Olivier\Training\scan\.sonarqube\conf\SonarQubeRoslyn-cs.ruleset /errorlog:D:\Olivier\Training\scan\MyProject\bin\Release\MyProject.exe.RoslynCA.json /subsystemversion:6.00 /target:exe /warnaserror- /utf8output /analyzer:C:\Users\olivier.korach\AppData\Local\Temp\6\.sonarqube\resources\0\Google.Protobuf.dll /analyzer:C:\Users\olivier.korach\AppData\Local\Temp\6\.sonarqube\resources\0\SonarAnalyzer.CSharp.dll /analyzer:C:\Users\olivier.korach\AppData\Local\Temp\6\.sonarqube\resources\0\SonarAnalyzer.dll /additionalfile:D:\Olivier\Training\scan\.sonarqube\conf\cs\SonarLint.xml /additionalfile:D:\Olivier\Training\scan\.sonarqube\conf\\MyProject_5440\ProjectOutFolderPath.txt Program.cs Properties\AssemblyInfo.cs "C:\Users\olivier.korach\AppData\Local\Temp\6\.NETFramework,Version=v4.5.2.AssemblyAttributes.cs"
  Using shared compilation with compiler from directory: C:\Program Files (x86)\MSBuild\14.0\bin
Program.cs(14,17): warning CS0219: The variable 'j' is assigned but its value is never used [D:\Olivier\Training\scan\MyProject\MyProject.csproj]
Program.cs(15,17): warning CS0168: The variable 'k' is declared but never used [D:\Olivier\Training\scan\MyProject\MyProject.csproj]
Program.cs(9,11): warning S1118: Add a 'protected' constructor or the 'static' keyword to the class declaration. [D:\Olivier\Training\scan\MyProject\MyProject.csproj]
Program.cs(20,16): warning S2757: Was '+=' meant instead? [D:\Olivier\Training\scan\MyProject\MyProject.csproj]
Program.cs(18,18): warning S1854: Remove this useless assignment to local variable 'i'. [D:\Olivier\Training\scan\MyProject\MyProject.csproj]
Program.cs(20,15): warning S1854: Remove this useless assignment to local variable 'j'. [D:\Olivier\Training\scan\MyProject\MyProject.csproj]
Program.cs(15,17): warning S1481: Remove this unused 'k' local variable. [D:\Olivier\Training\scan\MyProject\MyProject.csproj]
Program.cs(25,29): warning S100: Rename method 'setValue' to match camel case naming rules, consider using 'SetValue'. [D:\Olivier\Training\scan\MyProject\MyProject.csproj]
Program.cs(30,23): warning S1854: Remove this useless assignment to local variable 'value'. [D:\Olivier\Training\scan\MyProject\MyProject.csproj]
Program.cs(38,35): warning S1854: Remove this useless assignment to local variable 'value'. [D:\Olivier\Training\scan\MyProject\MyProject.csproj]
Program.cs(37,34): warning S1854: Remove this useless assignment to local variable 'value'. [D:\Olivier\Training\scan\MyProject\MyProject.csproj]
Program.cs(36,34): warning S1854: Remove this useless assignment to local variable 'value'. [D:\Olivier\Training\scan\MyProject\MyProject.csproj]
_CopyAppConfigFile:
  Copying file from "App.config" to "bin\Release\MyProject.exe.config".
CopyFilesToOutputDirectory:
  Copying file from "obj\Release\MyProject.exe" to "bin\Release\MyProject.exe".
  MyProject -> D:\Olivier\Training\scan\MyProject\bin\Release\MyProject.exe
  Copying file from "obj\Release\MyProject.pdb" to "bin\Release\MyProject.pdb".
OverrideCodeAnalysisProperties:
  Skipping FxCop analysis: the SonarQube ruleset does not exist. Ruleset: D:\Olivier\Training\scan\.sonarqube\conf\\SonarQubeFxCop-cs.ruleset
SetStyleCopAnalysisSettings:
  Setting 'sonar.stylecop.projectFilePath' to 'D:\Olivier\Training\scan\MyProject\MyProject.csproj'
Done Building Project "D:\Olivier\Training\scan\MyProject\MyProject.csproj" (Rebuild target(s)).
Done Building Project "D:\Olivier\Training\scan\MyProject.sln" (rebuild target(s)).

Build succeeded.

"D:\Olivier\Training\scan\MyProject.sln" (rebuild target) (1) ->
"D:\Olivier\Training\scan\MyProject\MyProject.csproj" (Rebuild target) (2) ->
(CoreCompile target) -> 
  Program.cs(14,17): warning CS0219: The variable 'j' is assigned but its value is never used [D:\Olivier\Training\scan\MyProject\MyProject.csproj]
  Program.cs(15,17): warning CS0168: The variable 'k' is declared but never used [D:\Olivier\Training\scan\MyProject\MyProject.csproj]
  Program.cs(9,11): warning S1118: Add a 'protected' constructor or the 'static' keyword to the class declaration. [D:\Olivier\Training\scan\MyProject\MyProject.csproj]
  Program.cs(20,16): warning S2757: Was '+=' meant instead? [D:\Olivier\Training\scan\MyProject\MyProject.csproj]
  Program.cs(18,18): warning S1854: Remove this useless assignment to local variable 'i'. [D:\Olivier\Training\scan\MyProject\MyProject.csproj]
  Program.cs(20,15): warning S1854: Remove this useless assignment to local variable 'j'. [D:\Olivier\Training\scan\MyProject\MyProject.csproj]
  Program.cs(15,17): warning S1481: Remove this unused 'k' local variable. [D:\Olivier\Training\scan\MyProject\MyProject.csproj]
  Program.cs(25,29): warning S100: Rename method 'setValue' to match camel case naming rules, consider using 'SetValue'. [D:\Olivier\Training\scan\MyProject\MyProject.csproj]
  Program.cs(30,23): warning S1854: Remove this useless assignment to local variable 'value'. [D:\Olivier\Training\scan\MyProject\MyProject.csproj]
  Program.cs(38,35): warning S1854: Remove this useless assignment to local variable 'value'. [D:\Olivier\Training\scan\MyProject\MyProject.csproj]
  Program.cs(37,34): warning S1854: Remove this useless assignment to local variable 'value'. [D:\Olivier\Training\scan\MyProject\MyProject.csproj]
  Program.cs(36,34): warning S1854: Remove this useless assignment to local variable 'value'. [D:\Olivier\Training\scan\MyProject\MyProject.csproj]

    12 Warning(s)
    0 Error(s)

Time Elapsed 00:00:00.59

D:\Olivier\Training\scan>C:\SonarSource\sonar-scanner-msbuild-2.3.1.554\MSBuild.SonarQube.Runner.exe end 
SonarQube Scanner for MSBuild 2.3.1
Default properties file was found at C:\SonarSource\sonar-scanner-msbuild-2.3.1.554\SonarQube.Analysis.xml
Loading analysis properties from C:\SonarSource\sonar-scanner-msbuild-2.3.1.554\SonarQube.Analysis.xml
Post-processing started.
11:30:58.01  Loading the SonarQube analysis config from D:\Olivier\Training\scan\.sonarqube\conf\SonarQubeAnalysisConfig.xml
11:30:58.011  Not running under TeamBuild
11:30:58.012  Analysis base directory: D:\Olivier\Training\scan\.sonarqube
Build directory: 
Bin directory: D:\Olivier\Training\scan\.sonarqube\bin
Config directory: D:\Olivier\Training\scan\.sonarqube\conf
Output directory: D:\Olivier\Training\scan\.sonarqube\out
Config file: D:\Olivier\Training\scan\.sonarqube\conf\SonarQubeAnalysisConfig.xml
Generating SonarQube project properties file to D:\Olivier\Training\scan\.sonarqube\out\sonar-project.properties
The supplied Code Analysis ErrorLog file is a valid json file and does not need to be fixed: D:\Olivier\Training\scan\MyProject\bin\Release\MyProject.exe.RoslynCA.json
Setting analysis property: sonar.visualstudio.enable=false
Writing processing summary to D:\Olivier\Training\scan\.sonarqube\out\ProjectInfo.log
SONAR_SCANNER_OPTS is not configured. Setting it to the default value of -Xmx1024m
Calling the SonarQube Scanner...
Setting environment variable 'SONAR_SCANNER_OPTS'. Value: -Xmx1024m
Executing file C:\SonarSource\sonar-scanner-msbuild-2.3.1.554\sonar-scanner-3.0.1.733\bin\sonar-scanner.bat
  Args: -Dsonar.scanAllFiles=true -Dproject.settings=D:\Olivier\Training\scan\.sonarqube\out\sonar-project.properties <sensitive data removed>
  Working directory: D:\Olivier\Training\scan
  Timeout (ms):-1
  Process id: 11752
C:\SonarSource\sonar-scanner-msbuild-2.3.1.554\sonar-scanner-3.0.1.733\bin\..
INFO: Scanner configuration file: C:\SonarSource\sonar-scanner-msbuild-2.3.1.554\sonar-scanner-3.0.1.733\bin\..\conf\sonar-scanner.properties
INFO: Project root configuration file: D:\Olivier\Training\scan\.sonarqube\out\sonar-project.properties
11:30:58.369 INFO: SonarQube Scanner 3.0.1.733
11:30:58.374 INFO: Java 1.8.0_121 Oracle Corporation (64-bit)
11:30:58.374 INFO: Windows Server 2012 R2 6.3 amd64
11:30:58.374 INFO: SONAR_SCANNER_OPTS=-Xmx1024m
11:30:58.557 DEBUG: keyStore is : 
11:30:58.557 DEBUG: keyStore type is : jks
11:30:58.558 DEBUG: keyStore provider is : 
11:30:58.558 DEBUG: init keystore
11:30:58.558 DEBUG: init keymanager of type SunX509
11:30:58.761 INFO: User cache: C:\Users\olivier.korach\.sonar\cache
11:30:58.761 DEBUG: Extract sonar-scanner-api-batch in temp...
11:30:58.766 DEBUG: Get bootstrap index...
11:30:58.766 DEBUG: Download: http://10.150.21.132:9000/batch/index
11:30:58.825 DEBUG: Get bootstrap completed
11:30:58.826 DEBUG: Create isolated classloader...
11:30:58.842 DEBUG: Start temp cleaning...
11:30:58.851 DEBUG: Temp cleaning done
11:30:58.851 DEBUG: Execution getVersion
11:30:58.856 DEBUG: Execution start
11:30:59.139 DEBUG: Publish global mode
11:30:59.225 INFO: Load global repositories
11:30:59.286 DEBUG: GET 200 http://10.150.21.132:9000/batch/global | time=61ms
11:30:59.368 INFO: Load global repositories (done) | time=144ms
11:30:59.392 INFO: User cache: C:\Users\olivier.korach\.sonar\cache
11:30:59.596 INFO: Load plugins index
11:30:59.600 DEBUG: GET 200 http://10.150.21.132:9000/deploy/plugins/index.txt | time=3ms
11:30:59.603 INFO: Load plugins index (done) | time=7ms
11:30:59.604 DEBUG: Load plugins
11:30:59.847 DEBUG: Load plugins (done) | time=243ms
11:30:59.861 DEBUG: API compatibility mode is enabled on plugin Generic Coverage [genericcoverage] (built with API lower than 5.2)
11:30:59.863 DEBUG: API compatibility mode is enabled on plugin Issues Density [issuesdensity] (built with API lower than 5.2)
11:30:59.865 DEBUG: API compatibility mode is enabled on plugin Google Analytics [googleanalytics] (built with API lower than 5.2)
11:30:59.865 DEBUG: API compatibility mode is enabled on plugin Widget Lab [widgetlab] (built with API lower than 5.2)
11:30:59.867 DEBUG: API compatibility mode is enabled on plugin Git [scmgit] (built with API lower than 5.2)
11:31:00.295 DEBUG: Plugins:
11:31:00.295 DEBUG:   * Developer Cockpit 1.12 (devcockpit)
11:31:00.295 DEBUG:   * CSS / SCSS / Less 3.1 (css)
11:31:00.295 DEBUG:   * SonarPLSQL 2.9.0.901 (plsql)
11:31:00.296 DEBUG:   * C# 5.9.0.1001 (csharp)
11:31:00.296 DEBUG:   * SonarJava 4.8.0.9441 (java)
11:31:00.296 DEBUG:   * Web 2.5.0.476 (web)
11:31:00.296 DEBUG:   * SonarXML 1.4.2.885 (xml)
11:31:00.296 DEBUG:   * Rules Compliance Index (RCI) 1.0.1 (rci)
11:31:00.296 DEBUG:   * VB.NET 3.0.3.346 (vbnet)
11:31:00.296 DEBUG:   * Generic Coverage 1.2 (genericcoverage)
11:31:00.296 DEBUG:   * Swift 2.0.0.1127 (swift)
11:31:00.296 DEBUG:   * SonarCFamily 4.7.0.7341 (cpp)
11:31:00.297 DEBUG:   * GitHub 1.4.0.699 (github)
11:31:00.297 DEBUG:   * Issues Density 1.0 (issuesdensity)
11:31:00.297 DEBUG:   * SonarRPG 2.1.0.736 (rpg)
11:31:00.297 DEBUG:   * Google Analytics 1.1 (googleanalytics)
11:31:00.297 DEBUG:   * Widget Lab 1.8.1 (widgetlab)
11:31:00.297 DEBUG:   * SonarPLI 1.5.0.702 (pli)
11:31:00.297 DEBUG:   * SonarJS 2.21.0.4409 (javascript)
11:31:00.297 DEBUG:   * SonarCOBOL 3.4.0.1932 (cobol)
11:31:00.297 DEBUG:   * Git 1.2 (scmgit)
11:31:00.297 DEBUG:   * SonarPHP 2.10.0.2087 (php)
11:31:00.297 DEBUG:   * ABAP 3.3 (abap)
11:31:00.297 DEBUG:   * Governance 1.2.1.1926 (governance)
11:31:00.335 DEBUG: Execution getVersion
11:31:00.335 INFO: SonarQube server 5.6.6
11:31:00.335 INFO: Default locale: "en_US", source code encoding: "UTF-8"
11:31:00.336 DEBUG: Work directory: D:\Olivier\Training\scan\.sonarqube\out\.sonar
11:31:00.336 DEBUG: Execution getVersion
11:31:00.336 DEBUG: Execution execute
11:31:00.921 INFO: governance EVALUATION [Expiration: 2017-05-18, Server: *]
11:31:00.985 INFO: Process project properties
11:31:00.989 DEBUG: Process project properties (done) | time=4ms
11:31:01.167 INFO: Load project repositories
11:31:01.186 DEBUG: GET 200 http://10.150.21.132:9000/batch/project.protobuf?key=CS-Sample | time=17ms
11:31:01.254 INFO: Load project repositories (done) | time=87ms
11:31:01.269 INFO: Execute project builders
11:31:01.270 INFO: Execute project builders (done) | time=1ms
11:31:01.501 DEBUG: Available languages:
11:31:01.502 DEBUG:   * CSS => "css"
11:31:01.502 DEBUG:   * SCSS => "scss"
11:31:01.503 DEBUG:   * Less => "less"
11:31:01.504 DEBUG:   * PL/SQL => "plsql"
11:31:01.504 DEBUG:   * C# => "cs"
11:31:01.504 DEBUG:   * Java => "java"
11:31:01.505 DEBUG:   * Web => "web"
11:31:01.508 DEBUG:   * XML => "xml"
11:31:01.509 DEBUG:   * Visual Basic .NET => "vbnet"
11:31:01.510 DEBUG:   * Swift => "swift"
11:31:01.514 DEBUG:   * C => "c"
11:31:01.515 DEBUG:   * C++ => "cpp"
11:31:01.515 DEBUG:   * Objective-C => "objc"
11:31:01.516 DEBUG:   * RPG => "rpg"
11:31:01.516 DEBUG:   * PL/I => "pli"
11:31:01.516 DEBUG:   * JavaScript => "js"
11:31:01.517 DEBUG:   * COBOL => "cobol"
11:31:01.517 DEBUG:   * PHP => "php"
11:31:01.518 DEBUG:   * ABAP => "abap"
11:31:01.524 INFO: Load quality profiles
11:31:01.542 DEBUG: GET 200 http://10.150.21.132:9000/api/qualityprofiles/search.protobuf?projectKey=CS-Sample | time=18ms
11:31:01.547 INFO: Load quality profiles (done) | time=23ms
11:31:01.570 INFO: Load active rules
11:31:01.596 DEBUG: GET 200 http://10.150.21.132:9000/api/rules/search.protobuf?f=repo,name,severity,lang,internalKey,templateKey,params,actives&activation=true&qprofile=abap-sonar-way-52109&p=1&ps=500 | time=25ms
11:31:01.699 DEBUG: GET 200 http://10.150.21.132:9000/api/rules/search.protobuf?f=repo,name,severity,lang,internalKey,templateKey,params,actives&activation=true&qprofile=c-sonar-way-75345&p=1&ps=500 | time=56ms
11:31:01.734 DEBUG: GET 200 http://10.150.21.132:9000/api/rules/search.protobuf?f=repo,name,severity,lang,internalKey,templateKey,params,actives&activation=true&qprofile=cobol-sonar-way-91423&p=1&ps=500 | time=27ms
11:31:01.834 DEBUG: GET 200 http://10.150.21.132:9000/api/rules/search.protobuf?f=repo,name,severity,lang,internalKey,templateKey,params,actives&activation=true&qprofile=cpp-sonar-way-01519&p=1&ps=500 | time=74ms
11:31:01.894 DEBUG: GET 200 http://10.150.21.132:9000/api/rules/search.protobuf?f=repo,name,severity,lang,internalKey,templateKey,params,actives&activation=true&qprofile=cs-sonar-way-66185&p=1&ps=500 | time=37ms
11:31:01.927 DEBUG: GET 200 http://10.150.21.132:9000/api/rules/search.protobuf?f=repo,name,severity,lang,internalKey,templateKey,params,actives&activation=true&qprofile=css-sonarqube-way-55942&p=1&ps=500 | time=26ms
11:31:02.043 DEBUG: GET 200 http://10.150.21.132:9000/api/rules/search.protobuf?f=repo,name,severity,lang,internalKey,templateKey,params,actives&activation=true&qprofile=java-sonar-way-14912&p=1&ps=500 | time=112ms
11:31:02.089 DEBUG: GET 200 http://10.150.21.132:9000/api/rules/search.protobuf?f=repo,name,severity,lang,internalKey,templateKey,params,actives&activation=true&qprofile=js-sonar-way-95622&p=1&ps=500 | time=32ms
11:31:02.280 DEBUG: GET 200 http://10.150.21.132:9000/api/rules/search.protobuf?f=repo,name,severity,lang,internalKey,templateKey,params,actives&activation=true&qprofile=less-sonarqube-way-02465&p=1&ps=500 | time=31ms
11:31:02.354 DEBUG: GET 200 http://10.150.21.132:9000/api/rules/search.protobuf?f=repo,name,severity,lang,internalKey,templateKey,params,actives&activation=true&qprofile=objc-sonar-way-71232&p=1&ps=500 | time=42ms
11:31:02.419 DEBUG: GET 200 http://10.150.21.132:9000/api/rules/search.protobuf?f=repo,name,severity,lang,internalKey,templateKey,params,actives&activation=true&qprofile=php-sonar-way-15056&p=1&ps=500 | time=28ms
11:31:02.440 DEBUG: GET 200 http://10.150.21.132:9000/api/rules/search.protobuf?f=repo,name,severity,lang,internalKey,templateKey,params,actives&activation=true&qprofile=pli-sonarqube-way-82687&p=1&ps=500 | time=18ms
11:31:02.542 DEBUG: GET 200 http://10.150.21.132:9000/api/rules/search.protobuf?f=repo,name,severity,lang,internalKey,templateKey,params,actives&activation=true&qprofile=plsql-sonar-way-16210&p=1&ps=500 | time=45ms
11:31:02.567 DEBUG: GET 200 http://10.150.21.132:9000/api/rules/search.protobuf?f=repo,name,severity,lang,internalKey,templateKey,params,actives&activation=true&qprofile=rpg-sonar-way-67280&p=1&ps=500 | time=19ms
11:31:02.606 DEBUG: GET 200 http://10.150.21.132:9000/api/rules/search.protobuf?f=repo,name,severity,lang,internalKey,templateKey,params,actives&activation=true&qprofile=scss-sonarqube-way-79497&p=1&ps=500 | time=36ms
11:31:02.693 DEBUG: GET 200 http://10.150.21.132:9000/api/rules/search.protobuf?f=repo,name,severity,lang,internalKey,templateKey,params,actives&activation=true&qprofile=swift-sonar-way-46845&p=1&ps=500 | time=24ms
11:31:02.796 DEBUG: GET 200 http://10.150.21.132:9000/api/rules/search.protobuf?f=repo,name,severity,lang,internalKey,templateKey,params,actives&activation=true&qprofile=vbnet-sonar-way-29342&p=1&ps=500 | time=12ms
11:31:02.812 DEBUG: GET 200 http://10.150.21.132:9000/api/rules/search.protobuf?f=repo,name,severity,lang,internalKey,templateKey,params,actives&activation=true&qprofile=web-sonar-way-90344&p=1&ps=500 | time=16ms
11:31:02.850 DEBUG: GET 200 http://10.150.21.132:9000/api/rules/search.protobuf?f=repo,name,severity,lang,internalKey,templateKey,params,actives&activation=true&qprofile=xml-sonar-way-20461&p=1&ps=500 | time=14ms
11:31:02.874 INFO: Load active rules (done) | time=1304ms
11:31:02.923 INFO: Publish mode
11:31:02.923 DEBUG: Start recursive analysis of project modules
11:31:02.924 INFO: -------------  Scan MyProject
11:31:03.171 INFO: Load server rules
11:31:03.244 DEBUG: GET 200 http://10.150.21.132:9000/api/rules/list.protobuf | time=72ms
11:31:03.353 INFO: Load server rules (done) | time=182ms
11:31:03.449 DEBUG: Initializers : 
11:31:03.450 INFO: Base dir: D:\Olivier\Training\scan\MyProject
11:31:03.452 INFO: Working dir: D:\Olivier\Training\scan\.sonarqube\out\.sonar\mod0
11:31:03.454 INFO: Source paths: Program.cs, Properties/AssemblyInfo.cs, App.config
11:31:03.454 INFO: Source encoding: UTF-8, default locale: en_US
11:31:03.454 INFO: Index files
11:31:03.480 DEBUG: Declared extensions of language CSS were converted to sonar.lang.patterns.css : **/*.css
11:31:03.481 DEBUG: Declared extensions of language SCSS were converted to sonar.lang.patterns.scss : **/*.scss
11:31:03.482 DEBUG: Declared extensions of language Less were converted to sonar.lang.patterns.less : **/*.less
11:31:03.483 DEBUG: Declared extensions of language PL/SQL were converted to sonar.lang.patterns.plsql : **/*.sql,**/*.pks,**/*.pkb
11:31:03.483 DEBUG: Declared extensions of language C# were converted to sonar.lang.patterns.cs : **/*.cs,**/*.csx
11:31:03.483 DEBUG: Declared extensions of language Java were converted to sonar.lang.patterns.java : **/*.java,**/*.jav
11:31:03.486 DEBUG: Declared extensions of language Web were converted to sonar.lang.patterns.web : **/*.html,**/*.xhtml,**/*.rhtml,**/*.shtml
11:31:03.487 DEBUG: Declared extensions of language XML were converted to sonar.lang.patterns.xml : **/*.xml,**/*.xsd,**/*.xsl
11:31:03.487 DEBUG: Declared extensions of language Visual Basic .NET were converted to sonar.lang.patterns.vbnet : **/*.vb
11:31:03.487 DEBUG: Declared extensions of language Swift were converted to sonar.lang.patterns.swift : **/*.swift
11:31:03.487 DEBUG: Declared extensions of language C were converted to sonar.lang.patterns.c : **/*.c
11:31:03.491 DEBUG: Declared extensions of language C++ were converted to sonar.lang.patterns.cpp : **/*.cc,**/*.cpp,**/*.cxx,**/*.c++,**/*.hh,**/*.hpp,**/*.hxx,**/*.h++,**/*.ipp
11:31:03.491 DEBUG: Declared extensions of language Objective-C were converted to sonar.lang.patterns.objc : **/*.m,**/*.h
11:31:03.492 DEBUG: Declared extensions of language RPG were converted to sonar.lang.patterns.rpg : **/*.rpg,**/*.rpgle,**/*.rpg,**/*.rpgle
11:31:03.492 DEBUG: Declared extensions of language PL/I were converted to sonar.lang.patterns.pli : **/*.pli
11:31:03.492 DEBUG: Declared extensions of language JavaScript were converted to sonar.lang.patterns.js : **/*.js
11:31:03.492 DEBUG: Declared extensions of language COBOL were converted to sonar.lang.patterns.cobol : 
11:31:03.492 DEBUG: Declared extensions of language PHP were converted to sonar.lang.patterns.php : **/*.php,**/*.php3,**/*.php4,**/*.php5,**/*.phtml,**/*.inc
11:31:03.492 DEBUG: Declared extensions of language ABAP were converted to sonar.lang.patterns.abap : **/*.abap,**/*.ab4,**/*.flow
11:31:03.504 DEBUG: Language of file 'Program.cs' is detected to be 'cs'
11:31:03.702 INFO: Analyzer working directory contains 5 .pb file(s)
11:31:03.730 DEBUG: Language of file 'Properties/AssemblyInfo.cs' is detected to be 'cs'
11:31:03.736 INFO: 2 files indexed
11:31:03.740 INFO: Quality profile for cs: Sonar way
11:31:03.741 DEBUG: Scanning CS-Sample:CS-Sample:FC60D6D5-DE20-4D7F-BF9D-D704C5BDF768:Program.cs
11:31:03.742 DEBUG: Scanning CS-Sample:CS-Sample:FC60D6D5-DE20-4D7F-BF9D-D704C5BDF768:Properties/AssemblyInfo.cs
11:31:03.750 DEBUG: Code colorizer, supported languages: 
11:31:05.502 DEBUG: 'CSS Analyzer Sensor' skipped because there is no related file in current project
11:31:05.503 DEBUG: 'SCSS Analyzer Sensor' skipped because there is no related file in current project
11:31:05.503 DEBUG: 'Less Analyzer Sensor' skipped because there is no related file in current project
11:31:05.503 DEBUG: 'PL/SQL Sensor' skipped because there is no related file in current project
11:31:05.504 DEBUG: 'SurefireSensor' skipped because there is no related file in current project
11:31:05.505 DEBUG: 'JaCoCoSensor' skipped because there is no related file in current project
11:31:05.506 DEBUG: 'JaCoCoItSensor' skipped because there is no related file in current project
11:31:05.506 DEBUG: 'JaCoCoOverallSensor' skipped because there is no related file in current project
11:31:05.507 DEBUG: 'JavaSquidSensor' skipped because there is no related file in current project
11:31:05.508 DEBUG: 'Web' skipped because there is no related file in current project
11:31:05.508 DEBUG: 'XML Sensor' skipped because there is no related file in current project
11:31:05.510 DEBUG: 'VB.NET' skipped because there is no related file in current project
11:31:05.510 DEBUG: 'Swift Squid Sensor' skipped because there is no related file in current project
11:31:05.511 DEBUG: 'C' skipped because there is no related file in current project
11:31:05.511 DEBUG: 'CPP' skipped because there is no related file in current project
11:31:05.512 DEBUG: 'Objective-C' skipped because there is no related file in current project
11:31:05.512 DEBUG: 'gcov' skipped because there is no related file in current project
11:31:05.512 DEBUG: 'llvm-cov' skipped because there is no related file in current project
11:31:05.512 DEBUG: 'cppunit' skipped because there is no related file in current project
11:31:05.512 DEBUG: 'VisualStudioCoverage' skipped because there is no related file in current project
11:31:05.512 DEBUG: 'bullseye' skipped because there is no related file in current project
11:31:05.513 DEBUG: 'RPG sensor' skipped because there is no related file in current project
11:31:05.513 DEBUG: 'PliSquidSensor' skipped because there is no related file in current project
11:31:05.513 DEBUG: 'JavaScript Squid Sensor' skipped because there is no related file in current project
11:31:05.513 DEBUG: 'CobolSquidSensor' skipped because there is no related file in current project
11:31:05.513 DEBUG: 'PHP sensor' skipped because there is no related file in current project
11:31:05.513 DEBUG: 'AbapSquidSensor' skipped because there is no related file in current project
11:31:05.515 DEBUG: Sensors : Lines Sensor (wrapped) -> SCM Sensor (wrapped) -> Embedded CSS Analyzer Sensor (wrapped) -> C# (wrapped) -> Coverage Report Import (wrapped) -> Coverage Report Import (wrapped) -> Unit Test Results Import (wrapped) -> XmlFileSensor (wrapped) -> Coverage Report Import (wrapped) -> Coverage Report Import (wrapped) -> Unit Test Results Import (wrapped) -> Analyzer for "php.ini" files (wrapped) -> Zero Coverage Sensor (wrapped) -> Code Colorizer Sensor (wrapped) -> CPD Block Indexer (wrapped)
11:31:05.533 INFO: devcockpit EVALUATION [Expiration: 2017-05-18, Server: *]
11:31:05.545 INFO: Sensor Lines Sensor (wrapped)
11:31:05.557 INFO: Sensor Lines Sensor (wrapped) (done) | time=12ms
11:31:05.557 INFO: Sensor SCM Sensor (wrapped)
11:31:05.557 INFO: No SCM system was detected. You can use the 'sonar.scm.provider' property to explicitly specify it.
11:31:05.557 INFO: Sensor SCM Sensor (wrapped) (done) | time=0ms
11:31:05.557 INFO: Sensor Embedded CSS Analyzer Sensor (wrapped)
11:31:05.606 INFO: 0 source files to be analyzed
11:31:05.608 INFO: Sensor Embedded CSS Analyzer Sensor (wrapped) (done) | time=51ms
11:31:05.608 INFO: Sensor C# (wrapped)
11:31:05.608 INFO: 0/0 source files have been analyzed
11:31:05.613 INFO: SonarAnalyzer.Scanner needs to be executed: false
11:31:05.614 INFO: Importing analysis results from D:\Olivier\Training\scan\.sonarqube\out\MyProject_5440\output-cs
11:31:05.669 INFO: Importing Roslyn report
11:31:05.738 INFO: Sensor C# (wrapped) (done) | time=130ms
11:31:05.738 INFO: Sensor Coverage Report Import (wrapped)
11:31:05.738 DEBUG: No coverage property. Skip Sensor
11:31:05.738 INFO: Sensor Coverage Report Import (wrapped) (done) | time=0ms
11:31:05.739 INFO: Sensor Coverage Report Import (wrapped)
11:31:05.739 DEBUG: No coverage property. Skip Sensor
11:31:05.739 INFO: Sensor Coverage Report Import (wrapped) (done) | time=1ms
11:31:05.739 INFO: Sensor Unit Test Results Import (wrapped)
11:31:05.739 DEBUG: No unit test results property. Skip Sensor
11:31:05.739 INFO: Sensor Unit Test Results Import (wrapped) (done) | time=0ms
11:31:05.739 INFO: Sensor XmlFileSensor (wrapped)
11:31:05.739 INFO: Sensor XmlFileSensor (wrapped) (done) | time=0ms
11:31:05.740 INFO: Sensor Coverage Report Import (wrapped)
11:31:05.740 DEBUG: No coverage property. Skip Sensor
11:31:05.740 INFO: Sensor Coverage Report Import (wrapped) (done) | time=1ms
11:31:05.740 INFO: Sensor Coverage Report Import (wrapped)
11:31:05.740 DEBUG: No coverage property. Skip Sensor
11:31:05.740 INFO: Sensor Coverage Report Import (wrapped) (done) | time=0ms
11:31:05.740 INFO: Sensor Unit Test Results Import (wrapped)
11:31:05.740 DEBUG: No unit test results property. Skip Sensor
11:31:05.740 INFO: Sensor Unit Test Results Import (wrapped) (done) | time=0ms
11:31:05.740 INFO: Sensor Analyzer for "php.ini" files (wrapped)
11:31:05.743 INFO: Sensor Analyzer for "php.ini" files (wrapped) (done) | time=3ms
11:31:05.743 INFO: Sensor Zero Coverage Sensor (wrapped)
11:31:05.761 INFO: Sensor Zero Coverage Sensor (wrapped) (done) | time=18ms
11:31:05.761 INFO: Sensor Code Colorizer Sensor (wrapped)
11:31:05.762 INFO: Sensor Code Colorizer Sensor (wrapped) (done) | time=1ms
11:31:05.762 INFO: Sensor CPD Block Indexer (wrapped)
11:31:05.762 INFO: DefaultCpdBlockIndexer is used for cs
11:31:05.762 DEBUG: No CpdMapping for language cs
11:31:05.762 INFO: Sensor CPD Block Indexer (wrapped) (done) | time=0ms
11:31:05.763 INFO: -------------  Scan CS Sample Scan - Training
11:31:05.810 DEBUG: Initializers : 
11:31:05.810 INFO: Base dir: D:\Olivier\Training\scan\MyProject
11:31:05.810 INFO: Working dir: D:\Olivier\Training\scan\.sonarqube\out\.sonar
11:31:05.810 INFO: Source encoding: UTF-8, default locale: en_US
11:31:05.889 DEBUG: 'CSS Analyzer Sensor' skipped because there is no related file in current project
11:31:05.889 DEBUG: 'SCSS Analyzer Sensor' skipped because there is no related file in current project
11:31:05.889 DEBUG: 'Less Analyzer Sensor' skipped because there is no related file in current project
11:31:05.890 DEBUG: 'PL/SQL Sensor' skipped because there is no related file in current project
11:31:05.890 DEBUG: 'C#' skipped because there is no related file in current project
11:31:05.890 DEBUG: 'SurefireSensor' skipped because there is no related file in current project
11:31:05.890 DEBUG: 'JaCoCoSensor' skipped because there is no related file in current project
11:31:05.890 DEBUG: 'JaCoCoItSensor' skipped because there is no related file in current project
11:31:05.890 DEBUG: 'JaCoCoOverallSensor' skipped because there is no related file in current project
11:31:05.890 DEBUG: 'JavaSquidSensor' skipped because there is no related file in current project
11:31:05.890 DEBUG: 'Web' skipped because there is no related file in current project
11:31:05.890 DEBUG: 'XML Sensor' skipped because there is no related file in current project
11:31:05.891 DEBUG: 'VB.NET' skipped because there is no related file in current project
11:31:05.891 DEBUG: 'Swift Squid Sensor' skipped because there is no related file in current project
11:31:05.891 DEBUG: 'C' skipped because there is no related file in current project
11:31:05.891 DEBUG: 'CPP' skipped because there is no related file in current project
11:31:05.891 DEBUG: 'Objective-C' skipped because there is no related file in current project
11:31:05.892 DEBUG: 'gcov' skipped because there is no related file in current project
11:31:05.895 DEBUG: 'llvm-cov' skipped because there is no related file in current project
11:31:05.902 DEBUG: 'cppunit' skipped because there is no related file in current project
11:31:05.902 DEBUG: 'VisualStudioCoverage' skipped because there is no related file in current project
11:31:05.903 DEBUG: 'bullseye' skipped because there is no related file in current project
11:31:05.903 DEBUG: 'RPG sensor' skipped because there is no related file in current project
11:31:05.904 DEBUG: 'PliSquidSensor' skipped because there is no related file in current project
11:31:05.904 DEBUG: 'JavaScript Squid Sensor' skipped because there is no related file in current project
11:31:05.904 DEBUG: 'CobolSquidSensor' skipped because there is no related file in current project
11:31:05.904 DEBUG: 'PHP sensor' skipped because there is no related file in current project
11:31:05.904 DEBUG: 'AbapSquidSensor' skipped because there is no related file in current project
11:31:05.906 DEBUG: Sensors : Lines Sensor (wrapped) -> SCM Sensor (wrapped) -> Embedded CSS Analyzer Sensor (wrapped) -> Coverage Report Import (wrapped) -> Coverage Report Import (wrapped) -> Unit Test Results Import (wrapped) -> XmlFileSensor (wrapped) -> Coverage Report Import (wrapped) -> Coverage Report Import (wrapped) -> Unit Test Results Import (wrapped) -> Analyzer for "php.ini" files (wrapped) -> Zero Coverage Sensor (wrapped) -> Code Colorizer Sensor (wrapped) -> CPD Block Indexer (wrapped)
11:31:05.913 INFO: Sensor Lines Sensor (wrapped)
11:31:05.913 INFO: Sensor Lines Sensor (wrapped) (done) | time=0ms
11:31:05.914 INFO: Sensor SCM Sensor (wrapped)
11:31:05.914 INFO: No SCM system was detected. You can use the 'sonar.scm.provider' property to explicitly specify it.
11:31:05.914 INFO: Sensor SCM Sensor (wrapped) (done) | time=1ms
11:31:05.914 INFO: Sensor Embedded CSS Analyzer Sensor (wrapped)
11:31:05.915 INFO: 0 source files to be analyzed
11:31:05.916 INFO: Sensor Embedded CSS Analyzer Sensor (wrapped) (done) | time=2ms
11:31:05.916 INFO: Sensor Coverage Report Import (wrapped)
11:31:05.916 DEBUG: No coverage property. Skip Sensor
11:31:05.916 INFO: Sensor Coverage Report Import (wrapped) (done) | time=0ms
11:31:05.916 INFO: Sensor Coverage Report Import (wrapped)
11:31:05.916 DEBUG: No coverage property. Skip Sensor
11:31:05.916 INFO: Sensor Coverage Report Import (wrapped) (done) | time=0ms
11:31:05.927 INFO: 0/0 source files have been analyzed
11:31:05.933 INFO: Sensor Unit Test Results Import (wrapped)
11:31:05.933 DEBUG: No unit test results property. Skip Sensor
11:31:05.933 INFO: Sensor Unit Test Results Import (wrapped) (done) | time=17ms
11:31:05.933 INFO: Sensor XmlFileSensor (wrapped)
11:31:05.933 INFO: Sensor XmlFileSensor (wrapped) (done) | time=0ms
11:31:05.933 INFO: Sensor Coverage Report Import (wrapped)
11:31:05.933 DEBUG: No coverage property. Skip Sensor
11:31:05.933 INFO: Sensor Coverage Report Import (wrapped) (done) | time=0ms
11:31:05.934 INFO: Sensor Coverage Report Import (wrapped)
11:31:05.934 DEBUG: No coverage property. Skip Sensor
11:31:05.934 INFO: Sensor Coverage Report Import (wrapped) (done) | time=0ms
11:31:05.934 INFO: Sensor Unit Test Results Import (wrapped)
11:31:05.934 DEBUG: No unit test results property. Skip Sensor
11:31:05.934 INFO: Sensor Unit Test Results Import (wrapped) (done) | time=0ms
11:31:05.934 INFO: Sensor Analyzer for "php.ini" files (wrapped)
11:31:05.934 INFO: Sensor Analyzer for "php.ini" files (wrapped) (done) | time=0ms
11:31:05.934 INFO: Sensor Zero Coverage Sensor (wrapped)
11:31:05.934 INFO: Sensor Zero Coverage Sensor (wrapped) (done) | time=0ms
11:31:05.934 INFO: Sensor Code Colorizer Sensor (wrapped)
11:31:05.934 INFO: Sensor Code Colorizer Sensor (wrapped) (done) | time=0ms
11:31:05.934 INFO: Sensor CPD Block Indexer (wrapped)
11:31:05.934 INFO: Sensor CPD Block Indexer (wrapped) (done) | time=0ms
11:31:05.936 INFO: Calculating CPD for 2 files
11:31:05.937 DEBUG: Detection of duplications for CS-Sample:CS-Sample:FC60D6D5-DE20-4D7F-BF9D-D704C5BDF768:Program.cs
11:31:05.955 DEBUG: Detection of duplications for CS-Sample:CS-Sample:FC60D6D5-DE20-4D7F-BF9D-D704C5BDF768:Properties/AssemblyInfo.cs
11:31:05.956 INFO: CPD calculation finished
11:31:06.074 INFO: Analysis report generated in 116ms, dir size=60 KB
11:31:06.087 INFO: Analysis reports compressed in 13ms, zip size=21 KB
11:31:06.087 INFO: Analysis report generated in D:\Olivier\Training\scan\.sonarqube\out\.sonar\batch-report
11:31:06.087 DEBUG: Upload report
11:31:06.121 DEBUG: POST 200 http://10.150.21.132:9000/api/ce/submit?projectKey=CS-Sample&projectName=CS%20Sample%20Scan%20-%20Training | time=34ms
11:31:06.123 INFO: Analysis report uploaded in 36ms
11:31:06.128 INFO: ANALYSIS SUCCESSFUL, you can browse http://10.150.21.132:9000/dashboard/index/CS-Sample
11:31:06.128 INFO: Note that you will be able to access the updated dashboard once the server has processed the submitted analysis report
11:31:06.128 INFO: More about the report processing at http://10.150.21.132:9000/api/ce/task?id=AVuz5lIg7M72D5jb0pFy
11:31:06.133 DEBUG: Report metadata written to D:\Olivier\Training\scan\.sonarqube\out\.sonar\report-task.txt
11:31:06.134 DEBUG: 'GitHub Pull Request Issue Publisher' skipped because one of the required properties is missing
11:31:06.135 DEBUG: Post-jobs : 
11:31:06.137 INFO: ------------------------------------------------------------------------
11:31:06.138 INFO: EXECUTION SUCCESS
11:31:06.138 INFO: ------------------------------------------------------------------------
11:31:06.138 INFO: Total time: 7.832s
11:31:06.416 INFO: Final Memory: 65M/220M
11:31:06.416 INFO: ------------------------------------------------------------------------
11:31:06.416 DEBUG: Execution getVersion
11:31:06.417 DEBUG: Execution stop
Process returned exit code 0
The SonarQube Scanner has finished
11:31:06.528  Creating a summary markdown file...
11:31:06.529  Analysis results: http://10.150.21.132:9000/dashboard/index/CS-Sample
11:31:06.53  Post-processing succeeded.
